<?xml version="1.0" encoding="UTF-8"?>
<!-- Generated by org.testng.reporters.JUnitXMLReporter -->
<testsuite ignored="3" hostname="DESKTOP-MT4B5IO" failures="0" tests="1" name="Default test" time="0.047" errors="0" timestamp="2023-08-06T01:50:42 CEST">
  <testcase classname="StreamsTutorijal.test1" name="streamCollect" time="0.016"/>
  <testcase classname="StreamsTutorijal.test1" name="streamMap" time="0.0">
    <ignored/>
  </testcase> <!-- streamMap -->
  <testcase classname="StreamsTutorijal.test1" name="streamFilter" time="0.0">
    <ignored/>
  </testcase> <!-- streamFilter -->
  <testcase classname="StreamsTutorijal.test1" name="regular" time="0.0">
    <ignored/>
  </testcase> <!-- regular -->
</testsuite> <!-- Default test -->
